Sep 06, 2016 10:34:29 AM org.apache.catalina.core.ApplicationContext log
INFO: HTMLManager: init: Associated with Deployer 'Catalina:type=Deployer,host=localhost'
Sep 06, 2016 10:34:29 AM org.apache.catalina.core.ApplicationContext log
INFO: HTMLManager: init: Global resources are available
Sep 06, 2016 10:34:29 AM org.apache.catalina.core.ApplicationContext log
INFO: HTMLManager: list: Listing contexts for virtual host 'localhost'
Sep 06, 2016 10:34:34 AM org.apache.catalina.core.ApplicationContext log
INFO: HTMLManager: list: Listing contexts for virtual host 'localhost'
Sep 06, 2016 10:34:41 AM org.apache.catalina.core.ApplicationContext log
INFO: HTMLManager: list: Listing contexts for virtual host 'localhost'
Sep 06, 2016 10:42:56 AM org.apache.catalina.core.ApplicationContext log
INFO: HTMLManager: undeploy: Undeploying web application at '/HelloWorld'
Sep 06, 2016 10:42:57 AM org.apache.catalina.core.ApplicationContext log
INFO: HTMLManager: list: Listing contexts for virtual host 'localhost'
Sep 06, 2016 10:43:22 AM org.apache.catalina.core.ApplicationContext log
INFO: HTMLManager: list: Listing contexts for virtual host 'localhost'
Sep 06, 2016 10:43:39 AM org.apache.catalina.core.ApplicationContext log
INFO: HTMLManager: list: Listing contexts for virtual host 'localhost'
Sep 06, 2016 10:44:21 AM org.apache.catalina.core.ApplicationContext log
INFO: HTMLManager: undeploy: Undeploying web application at '/HelloWorld'
Sep 06, 2016 10:44:21 AM org.apache.catalina.core.ApplicationContext log
INFO: HTMLManager: list: Listing contexts for virtual host 'localhost'
Sep 06, 2016 10:44:29 AM org.apache.catalina.core.ApplicationContext log
INFO: HTMLManager: list: Listing contexts for virtual host 'localhost'
Sep 06, 2016 10:45:32 AM org.apache.catalina.core.ApplicationContext log
INFO: HTMLManager: undeploy: Undeploying web application at '/HelloWorld'
Sep 06, 2016 10:45:32 AM org.apache.catalina.core.ApplicationContext log
INFO: HTMLManager: list: Listing contexts for virtual host 'localhost'
Sep 06, 2016 10:45:37 AM org.apache.catalina.core.ApplicationContext log
INFO: HTMLManager: list: Listing contexts for virtual host 'localhost'
Sep 06, 2016 10:45:48 AM org.apache.catalina.core.ApplicationContext log
INFO: HTMLManager: undeploy: Undeploying web application at '/HelloWorld'
Sep 06, 2016 10:45:49 AM org.apache.catalina.core.ApplicationContext log
INFO: HTMLManager: list: Listing contexts for virtual host 'localhost'
Sep 06, 2016 12:38:55 PM org.apache.catalina.core.ApplicationContext log
INFO: HTMLManager: init: Associated with Deployer 'Catalina:type=Deployer,host=localhost'
Sep 06, 2016 12:38:55 PM org.apache.catalina.core.ApplicationContext log
INFO: HTMLManager: init: Global resources are available
Sep 06, 2016 12:38:55 PM org.apache.catalina.core.ApplicationContext log
INFO: HTMLManager: list: Listing contexts for virtual host 'localhost'
Sep 06, 2016 12:39:04 PM org.apache.catalina.core.ApplicationContext log
INFO: HTMLManager: list: Listing contexts for virtual host 'localhost'
Sep 06, 2016 12:41:09 PM org.apache.catalina.core.ApplicationContext log
INFO: HTMLManager: undeploy: Undeploying web application at '/HelloWorld'
Sep 06, 2016 12:41:10 PM org.apache.catalina.core.ApplicationContext log
INFO: HTMLManager: list: Listing contexts for virtual host 'localhost'
Sep 06, 2016 12:41:16 PM org.apache.catalina.core.ApplicationContext log
INFO: HTMLManager: list: Listing contexts for virtual host 'localhost'
Sep 06, 2016 1:48:31 PM org.apache.catalina.core.ApplicationContext log
INFO: HTMLManager: list: Listing contexts for virtual host 'localhost'
Sep 06, 2016 1:48:38 PM org.apache.catalina.core.ApplicationContext log
INFO: HTMLManager: undeploy: Undeploying web application at '/SearchEngine'
Sep 06, 2016 1:48:39 PM org.apache.catalina.core.ApplicationContext log
INFO: HTMLManager: list: Listing contexts for virtual host 'localhost'
Sep 06, 2016 1:49:21 PM org.apache.catalina.core.ApplicationContext log
INFO: HTMLManager: list: Listing contexts for virtual host 'localhost'
Sep 06, 2016 1:50:33 PM org.apache.catalina.core.ApplicationContext log
INFO: HTMLManager: undeploy: Undeploying web application at '/SearchEngine'
Sep 06, 2016 1:50:33 PM org.apache.catalina.core.ApplicationContext log
INFO: HTMLManager: list: Listing contexts for virtual host 'localhost'
Sep 06, 2016 1:50:39 PM org.apache.catalina.core.ApplicationContext log
INFO: HTMLManager: list: Listing contexts for virtual host 'localhost'
Sep 06, 2016 1:51:11 PM org.apache.catalina.core.ApplicationContext log
INFO: HTMLManager: undeploy: Undeploying web application at '/SearchEngine'
Sep 06, 2016 1:51:12 PM org.apache.catalina.core.ApplicationContext log
INFO: HTMLManager: list: Listing contexts for virtual host 'localhost'
Sep 06, 2016 1:51:19 PM org.apache.catalina.core.ApplicationContext log
INFO: HTMLManager: list: Listing contexts for virtual host 'localhost'
Sep 06, 2016 1:53:41 PM org.apache.catalina.core.ApplicationContext log
INFO: HTMLManager: undeploy: Undeploying web application at '/SearchEngine'
Sep 06, 2016 1:53:41 PM org.apache.catalina.core.ApplicationContext log
INFO: HTMLManager: list: Listing contexts for virtual host 'localhost'
Sep 06, 2016 1:53:46 PM org.apache.catalina.core.ApplicationContext log
INFO: HTMLManager: list: Listing contexts for virtual host 'localhost'
Sep 06, 2016 1:56:19 PM org.apache.catalina.core.ApplicationContext log
INFO: HTMLManager: undeploy: Undeploying web application at '/SearchEngine'
Sep 06, 2016 1:56:19 PM org.apache.catalina.core.ApplicationContext log
INFO: HTMLManager: list: Listing contexts for virtual host 'localhost'
Sep 06, 2016 1:56:25 PM org.apache.catalina.core.ApplicationContext log
INFO: HTMLManager: list: Listing contexts for virtual host 'localhost'
Sep 06, 2016 1:56:56 PM org.apache.catalina.core.ApplicationContext log
INFO: HTMLManager: undeploy: Undeploying web application at '/SearchEngine'
Sep 06, 2016 1:56:57 PM org.apache.catalina.core.ApplicationContext log
INFO: HTMLManager: list: Listing contexts for virtual host 'localhost'
Sep 06, 2016 1:57:07 PM org.apache.catalina.core.ApplicationContext log
INFO: HTMLManager: list: Listing contexts for virtual host 'localhost'
Sep 06, 2016 3:17:39 PM org.apache.catalina.core.ApplicationContext log
INFO: HTMLManager: list: Listing contexts for virtual host 'localhost'
Sep 06, 2016 3:17:42 PM org.apache.catalina.core.ApplicationContext log
INFO: HTMLManager: undeploy: Undeploying web application at '/SearchEngine'
Sep 06, 2016 3:17:42 PM org.apache.catalina.core.ApplicationContext log
INFO: HTMLManager: list: Listing contexts for virtual host 'localhost'
Sep 06, 2016 3:17:49 PM org.apache.catalina.core.ApplicationContext log
INFO: HTMLManager: list: Listing contexts for virtual host 'localhost'
Sep 06, 2016 4:01:59 PM org.apache.catalina.core.ApplicationContext log
INFO: HTMLManager: list: Listing contexts for virtual host 'localhost'
Sep 06, 2016 4:02:02 PM org.apache.catalina.core.ApplicationContext log
INFO: HTMLManager: undeploy: Undeploying web application at '/SearchEngine'
Sep 06, 2016 4:02:03 PM org.apache.catalina.core.ApplicationContext log
INFO: HTMLManager: list: Listing contexts for virtual host 'localhost'
Sep 06, 2016 4:02:09 PM org.apache.catalina.core.ApplicationContext log
INFO: HTMLManager: list: Listing contexts for virtual host 'localhost'
Sep 06, 2016 4:08:56 PM org.apache.catalina.core.ApplicationContext log
INFO: HTMLManager: undeploy: Undeploying web application at '/SearchEngine'
Sep 06, 2016 4:08:56 PM org.apache.catalina.core.ApplicationContext log
INFO: HTMLManager: list: Listing contexts for virtual host 'localhost'
Sep 06, 2016 4:09:02 PM org.apache.catalina.core.ApplicationContext log
INFO: HTMLManager: list: Listing contexts for virtual host 'localhost'
Sep 06, 2016 4:09:57 PM org.apache.catalina.core.ApplicationContext log
INFO: HTMLManager: undeploy: Undeploying web application at '/SearchEngine'
Sep 06, 2016 4:09:58 PM org.apache.catalina.core.ApplicationContext log
INFO: HTMLManager: list: Listing contexts for virtual host 'localhost'
Sep 06, 2016 4:10:03 PM org.apache.catalina.core.ApplicationContext log
INFO: HTMLManager: list: Listing contexts for virtual host 'localhost'
Sep 06, 2016 4:13:53 PM org.apache.catalina.core.ApplicationContext log
INFO: HTMLManager: undeploy: Undeploying web application at '/SearchEngine'
Sep 06, 2016 4:13:54 PM org.apache.catalina.core.ApplicationContext log
INFO: HTMLManager: list: Listing contexts for virtual host 'localhost'
Sep 06, 2016 4:14:10 PM org.apache.catalina.core.ApplicationContext log
INFO: HTMLManager: list: Listing contexts for virtual host 'localhost'
Sep 06, 2016 4:16:45 PM org.apache.catalina.core.ApplicationContext log
INFO: HTMLManager: undeploy: Undeploying web application at '/SearchEngine'
Sep 06, 2016 4:16:46 PM org.apache.catalina.core.ApplicationContext log
INFO: HTMLManager: list: Listing contexts for virtual host 'localhost'
Sep 06, 2016 4:16:51 PM org.apache.catalina.core.ApplicationContext log
INFO: HTMLManager: list: Listing contexts for virtual host 'localhost'
Sep 06, 2016 4:22:50 PM org.apache.catalina.core.ApplicationContext log
INFO: HTMLManager: undeploy: Undeploying web application at '/SearchEngine'
Sep 06, 2016 4:22:50 PM org.apache.catalina.core.ApplicationContext log
INFO: HTMLManager: list: Listing contexts for virtual host 'localhost'
Sep 06, 2016 4:22:56 PM org.apache.catalina.core.ApplicationContext log
INFO: HTMLManager: list: Listing contexts for virtual host 'localhost'
Sep 06, 2016 4:23:48 PM org.apache.catalina.core.ApplicationContext log
INFO: HTMLManager: undeploy: Undeploying web application at '/SearchEngine'
Sep 06, 2016 4:23:48 PM org.apache.catalina.core.ApplicationContext log
INFO: HTMLManager: list: Listing contexts for virtual host 'localhost'
Sep 06, 2016 4:23:54 PM org.apache.catalina.core.ApplicationContext log
INFO: HTMLManager: list: Listing contexts for virtual host 'localhost'
Sep 06, 2016 4:25:37 PM org.apache.catalina.core.ApplicationContext log
INFO: HTMLManager: undeploy: Undeploying web application at '/SearchEngine'
Sep 06, 2016 4:25:37 PM org.apache.catalina.core.ApplicationContext log
INFO: HTMLManager: list: Listing contexts for virtual host 'localhost'
Sep 06, 2016 4:25:42 PM org.apache.catalina.core.ApplicationContext log
INFO: HTMLManager: list: Listing contexts for virtual host 'localhost'
Sep 06, 2016 4:26:27 PM org.apache.catalina.core.ApplicationContext log
INFO: HTMLManager: undeploy: Undeploying web application at '/SearchEngine'
Sep 06, 2016 4:26:27 PM org.apache.catalina.core.ApplicationContext log
INFO: HTMLManager: list: Listing contexts for virtual host 'localhost'
Sep 06, 2016 4:26:33 PM org.apache.catalina.core.ApplicationContext log
INFO: HTMLManager: list: Listing contexts for virtual host 'localhost'
Sep 06, 2016 4:26:58 PM org.apache.catalina.core.ApplicationContext log
INFO: HTMLManager: undeploy: Undeploying web application at '/SearchEngine'
Sep 06, 2016 4:26:59 PM org.apache.catalina.core.ApplicationContext log
INFO: HTMLManager: list: Listing contexts for virtual host 'localhost'
Sep 06, 2016 4:27:04 PM org.apache.catalina.core.ApplicationContext log
INFO: HTMLManager: list: Listing contexts for virtual host 'localhost'
Sep 06, 2016 4:27:35 PM org.apache.catalina.core.ApplicationContext log
INFO: HTMLManager: undeploy: Undeploying web application at '/SearchEngine'
Sep 06, 2016 4:27:36 PM org.apache.catalina.core.ApplicationContext log
INFO: HTMLManager: list: Listing contexts for virtual host 'localhost'
Sep 06, 2016 4:27:41 PM org.apache.catalina.core.ApplicationContext log
INFO: HTMLManager: list: Listing contexts for virtual host 'localhost'
Sep 06, 2016 4:28:09 PM org.apache.catalina.core.ApplicationContext log
INFO: HTMLManager: undeploy: Undeploying web application at '/SearchEngine'
Sep 06, 2016 4:28:10 PM org.apache.catalina.core.ApplicationContext log
INFO: HTMLManager: list: Listing contexts for virtual host 'localhost'
Sep 06, 2016 4:28:14 PM org.apache.catalina.core.ApplicationContext log
INFO: HTMLManager: list: Listing contexts for virtual host 'localhost'
Sep 06, 2016 4:28:51 PM org.apache.catalina.core.ApplicationContext log
INFO: HTMLManager: undeploy: Undeploying web application at '/SearchEngine'
Sep 06, 2016 4:28:51 PM org.apache.catalina.core.ApplicationContext log
INFO: HTMLManager: list: Listing contexts for virtual host 'localhost'
Sep 06, 2016 4:29:01 PM org.apache.catalina.core.ApplicationContext log
INFO: HTMLManager: list: Listing contexts for virtual host 'localhost'
Sep 06, 2016 4:32:20 PM org.apache.catalina.core.ApplicationContext log
INFO: HTMLManager: undeploy: Undeploying web application at '/SearchEngine'
Sep 06, 2016 4:32:20 PM org.apache.catalina.core.ApplicationContext log
INFO: HTMLManager: list: Listing contexts for virtual host 'localhost'
Sep 06, 2016 4:32:25 PM org.apache.catalina.core.ApplicationContext log
INFO: HTMLManager: list: Listing contexts for virtual host 'localhost'
Sep 06, 2016 4:34:45 PM org.apache.catalina.core.ApplicationContext log
INFO: HTMLManager: undeploy: Undeploying web application at '/SearchEngine'
Sep 06, 2016 4:34:46 PM org.apache.catalina.core.ApplicationContext log
INFO: HTMLManager: list: Listing contexts for virtual host 'localhost'
Sep 06, 2016 4:34:51 PM org.apache.catalina.core.ApplicationContext log
INFO: HTMLManager: list: Listing contexts for virtual host 'localhost'
Sep 06, 2016 4:35:53 PM org.apache.catalina.core.ApplicationContext log
INFO: HTMLManager: undeploy: Undeploying web application at '/SearchEngine'
Sep 06, 2016 4:35:54 PM org.apache.catalina.core.ApplicationContext log
INFO: HTMLManager: list: Listing contexts for virtual host 'localhost'
Sep 06, 2016 4:36:03 PM org.apache.catalina.core.ApplicationContext log
INFO: HTMLManager: list: Listing contexts for virtual host 'localhost'
Sep 06, 2016 4:37:44 PM org.apache.catalina.core.ApplicationContext log
INFO: HTMLManager: undeploy: Undeploying web application at '/SearchEngine'
Sep 06, 2016 4:37:44 PM org.apache.catalina.core.ApplicationContext log
INFO: HTMLManager: list: Listing contexts for virtual host 'localhost'
Sep 06, 2016 4:38:11 PM org.apache.catalina.core.ApplicationContext log
INFO: HTMLManager: list: Listing contexts for virtual host 'localhost'
Sep 06, 2016 4:45:12 PM org.apache.catalina.core.ApplicationContext log
INFO: HTMLManager: undeploy: Undeploying web application at '/SearchEngine'
Sep 06, 2016 4:45:12 PM org.apache.catalina.core.ApplicationContext log
INFO: HTMLManager: list: Listing contexts for virtual host 'localhost'
Sep 06, 2016 4:45:18 PM org.apache.catalina.core.ApplicationContext log
INFO: HTMLManager: list: Listing contexts for virtual host 'localhost'
Sep 06, 2016 4:52:59 PM org.apache.catalina.core.ApplicationContext log
INFO: HTMLManager: undeploy: Undeploying web application at '/SearchEngine'
Sep 06, 2016 4:53:00 PM org.apache.catalina.core.ApplicationContext log
INFO: HTMLManager: list: Listing contexts for virtual host 'localhost'
Sep 06, 2016 4:53:08 PM org.apache.catalina.core.ApplicationContext log
INFO: HTMLManager: list: Listing contexts for virtual host 'localhost'
Sep 06, 2016 5:01:08 PM org.apache.catalina.core.ApplicationContext log
INFO: HTMLManager: undeploy: Undeploying web application at '/SearchEngine'
Sep 06, 2016 5:01:08 PM org.apache.catalina.core.ApplicationContext log
INFO: HTMLManager: list: Listing contexts for virtual host 'localhost'
Sep 06, 2016 5:01:14 PM org.apache.catalina.core.ApplicationContext log
INFO: HTMLManager: list: Listing contexts for virtual host 'localhost'
Sep 06, 2016 5:02:15 PM org.apache.catalina.core.ApplicationContext log
INFO: HTMLManager: undeploy: Undeploying web application at '/SearchEngine'
Sep 06, 2016 5:02:15 PM org.apache.catalina.core.ApplicationContext log
INFO: HTMLManager: list: Listing contexts for virtual host 'localhost'
Sep 06, 2016 5:02:22 PM org.apache.catalina.core.ApplicationContext log
INFO: HTMLManager: list: Listing contexts for virtual host 'localhost'
Sep 06, 2016 5:07:07 PM org.apache.catalina.core.ApplicationContext log
INFO: HTMLManager: undeploy: Undeploying web application at '/SearchEngine'
Sep 06, 2016 5:07:08 PM org.apache.catalina.core.ApplicationContext log
INFO: HTMLManager: list: Listing contexts for virtual host 'localhost'
Sep 06, 2016 5:07:13 PM org.apache.catalina.core.ApplicationContext log
INFO: HTMLManager: list: Listing contexts for virtual host 'localhost'
Sep 06, 2016 5:13:42 PM org.apache.catalina.core.ApplicationContext log
INFO: HTMLManager: init: Associated with Deployer 'Catalina:type=Deployer,host=localhost'
Sep 06, 2016 5:13:42 PM org.apache.catalina.core.ApplicationContext log
INFO: HTMLManager: init: Global resources are available
Sep 06, 2016 5:13:42 PM org.apache.catalina.core.ApplicationContext log
INFO: HTMLManager: list: Listing contexts for virtual host 'localhost'
Sep 06, 2016 5:13:43 PM org.apache.catalina.core.ApplicationContext log
INFO: HTMLManager: undeploy: Undeploying web application at '/SearchEngine'
Sep 06, 2016 5:13:44 PM org.apache.catalina.core.ApplicationContext log
INFO: HTMLManager: list: Listing contexts for virtual host 'localhost'
Sep 06, 2016 5:13:51 PM org.apache.catalina.core.ApplicationContext log
INFO: HTMLManager: list: Listing contexts for virtual host 'localhost'
Sep 06, 2016 5:16:58 PM org.apache.catalina.core.ApplicationContext log
INFO: HTMLManager: undeploy: Undeploying web application at '/SearchEngine'
Sep 06, 2016 5:16:59 PM org.apache.catalina.core.ApplicationContext log
INFO: HTMLManager: list: Listing contexts for virtual host 'localhost'
Sep 06, 2016 5:17:06 PM org.apache.catalina.core.ApplicationContext log
INFO: HTMLManager: list: Listing contexts for virtual host 'localhost'
Sep 06, 2016 5:19:36 PM org.apache.catalina.core.ApplicationContext log
INFO: HTMLManager: undeploy: Undeploying web application at '/SearchEngine'
Sep 06, 2016 5:19:37 PM org.apache.catalina.core.ApplicationContext log
INFO: HTMLManager: list: Listing contexts for virtual host 'localhost'
Sep 06, 2016 5:19:42 PM org.apache.catalina.core.ApplicationContext log
INFO: HTMLManager: list: Listing contexts for virtual host 'localhost'
Sep 06, 2016 5:26:48 PM org.apache.catalina.core.ApplicationContext log
INFO: HTMLManager: undeploy: Undeploying web application at '/SearchEngine'
Sep 06, 2016 5:26:49 PM org.apache.catalina.core.ApplicationContext log
INFO: HTMLManager: list: Listing contexts for virtual host 'localhost'
Sep 06, 2016 5:26:54 PM org.apache.catalina.core.ApplicationContext log
INFO: HTMLManager: list: Listing contexts for virtual host 'localhost'
Sep 06, 2016 5:27:59 PM org.apache.catalina.core.ApplicationContext log
INFO: HTMLManager: undeploy: Undeploying web application at '/SearchEngine'
Sep 06, 2016 5:27:59 PM org.apache.catalina.core.ApplicationContext log
INFO: HTMLManager: list: Listing contexts for virtual host 'localhost'
Sep 06, 2016 5:28:05 PM org.apache.catalina.core.ApplicationContext log
INFO: HTMLManager: list: Listing contexts for virtual host 'localhost'
Sep 06, 2016 5:34:59 PM org.apache.catalina.core.ApplicationContext log
INFO: HTMLManager: list: Listing contexts for virtual host 'localhost'
Sep 06, 2016 5:35:01 PM org.apache.catalina.core.ApplicationContext log
INFO: HTMLManager: undeploy: Undeploying web application at '/SearchEngine'
Sep 06, 2016 5:35:01 PM org.apache.catalina.core.ApplicationContext log
INFO: HTMLManager: list: Listing contexts for virtual host 'localhost'
Sep 06, 2016 5:35:15 PM org.apache.catalina.core.ApplicationContext log
INFO: HTMLManager: list: Listing contexts for virtual host 'localhost'
Sep 06, 2016 5:45:18 PM org.apache.catalina.core.ApplicationContext log
INFO: HTMLManager: list: Listing contexts for virtual host 'localhost'
Sep 06, 2016 5:45:46 PM org.apache.catalina.core.ApplicationContext log
INFO: HTMLManager: undeploy: Undeploying web application at '/TheCrawlersIndexer'
Sep 06, 2016 5:45:46 PM org.apache.catalina.core.ApplicationContext log
INFO: HTMLManager: list: Listing contexts for virtual host 'localhost'
Sep 06, 2016 5:48:52 PM org.apache.catalina.core.ApplicationContext log
INFO: HTMLManager: list: Listing contexts for virtual host 'localhost'
